2025-01-31 05:17:37,219 CRIT Supervisor is running as root.  Privileges were not dropped because no user is specified in the config file.  If you intend to run as root, you can set user=root in the config file to avoid this message.
2025-01-31 05:17:37,222 INFO supervisord started with pid 14
2025-01-31 05:17:38,234 INFO spawned: 'flask' with pid 15
2025-01-31 05:17:38,241 INFO spawned: 'rq_worker' with pid 16
2025-01-31 05:17:40,225 INFO success: flask entered RUNNING state, process has stayed up for > than 1 seconds (startsecs)
2025-01-31 05:17:40,225 INFO success: rq_worker entered RUNNING state, process has stayed up for > than 1 seconds (startsecs)
2025-01-31 05:22:13,503 CRIT Supervisor is running as root.  Privileges were not dropped because no user is specified in the config file.  If you intend to run as root, you can set user=root in the config file to avoid this message.
2025-01-31 05:22:13,506 INFO supervisord started with pid 13
2025-01-31 05:22:14,514 INFO spawned: 'flask' with pid 14
2025-01-31 05:22:14,518 INFO spawned: 'rq_worker' with pid 15
2025-01-31 05:22:16,357 INFO success: flask entered RUNNING state, process has stayed up for > than 1 seconds (startsecs)
2025-01-31 05:22:16,358 INFO success: rq_worker entered RUNNING state, process has stayed up for > than 1 seconds (startsecs)
2025-01-31 05:43:46,296 CRIT Supervisor is running as root.  Privileges were not dropped because no user is specified in the config file.  If you intend to run as root, you can set user=root in the config file to avoid this message.
2025-01-31 05:43:46,299 INFO supervisord started with pid 14
2025-01-31 05:43:47,308 INFO spawned: 'flask' with pid 15
2025-01-31 05:43:47,313 INFO spawned: 'rq_worker' with pid 16
2025-01-31 05:43:49,118 INFO success: flask entered RUNNING state, process has stayed up for > than 1 seconds (startsecs)
2025-01-31 05:43:49,120 INFO success: rq_worker entered RUNNING state, process has stayed up for > than 1 seconds (startsecs)
2025-01-31 05:51:52,978 CRIT Supervisor is running as root.  Privileges were not dropped because no user is specified in the config file.  If you intend to run as root, you can set user=root in the config file to avoid this message.
2025-01-31 05:51:52,981 INFO supervisord started with pid 13
2025-01-31 05:51:53,993 INFO spawned: 'flask' with pid 14
2025-01-31 05:51:54,002 INFO spawned: 'rq_worker' with pid 15
2025-01-31 05:51:55,889 INFO success: flask entered RUNNING state, process has stayed up for > than 1 seconds (startsecs)
2025-01-31 05:51:55,891 INFO success: rq_worker entered RUNNING state, process has stayed up for > than 1 seconds (startsecs)
2025-01-31 06:01:56,111 CRIT Supervisor is running as root.  Privileges were not dropped because no user is specified in the config file.  If you intend to run as root, you can set user=root in the config file to avoid this message.
2025-01-31 06:01:56,113 INFO supervisord started with pid 14
2025-01-31 06:01:57,125 INFO spawned: 'flask' with pid 15
2025-01-31 06:01:57,129 INFO spawned: 'rq_worker' with pid 16
2025-01-31 06:01:59,061 INFO success: flask entered RUNNING state, process has stayed up for > than 1 seconds (startsecs)
2025-01-31 06:01:59,061 INFO success: rq_worker entered RUNNING state, process has stayed up for > than 1 seconds (startsecs)
2025-01-31 06:03:48,172 CRIT Supervisor is running as root.  Privileges were not dropped because no user is specified in the config file.  If you intend to run as root, you can set user=root in the config file to avoid this message.
2025-01-31 06:03:48,175 INFO supervisord started with pid 14
2025-01-31 06:03:49,184 INFO spawned: 'flask' with pid 15
2025-01-31 06:03:49,189 INFO spawned: 'rq_worker' with pid 16
2025-01-31 06:03:51,110 INFO success: flask entered RUNNING state, process has stayed up for > than 1 seconds (startsecs)
2025-01-31 06:03:51,111 INFO success: rq_worker entered RUNNING state, process has stayed up for > than 1 seconds (startsecs)
2025-01-31 09:54:45,622 CRIT Supervisor is running as root.  Privileges were not dropped because no user is specified in the config file.  If you intend to run as root, you can set user=root in the config file to avoid this message.
2025-01-31 09:54:45,625 INFO supervisord started with pid 13
2025-01-31 09:54:46,637 INFO spawned: 'flask' with pid 14
2025-01-31 09:54:46,641 INFO spawned: 'rq_worker' with pid 15
2025-01-31 09:54:48,524 INFO success: flask entered RUNNING state, process has stayed up for > than 1 seconds (startsecs)
2025-01-31 09:54:48,524 INFO success: rq_worker entered RUNNING state, process has stayed up for > than 1 seconds (startsecs)
2025-01-31 09:58:21,917 CRIT Supervisor is running as root.  Privileges were not dropped because no user is specified in the config file.  If you intend to run as root, you can set user=root in the config file to avoid this message.
2025-01-31 09:58:21,920 INFO supervisord started with pid 14
2025-01-31 09:58:22,927 INFO spawned: 'flask' with pid 15
2025-01-31 09:58:22,930 INFO spawned: 'rq_worker' with pid 16
2025-01-31 09:58:24,865 INFO success: flask entered RUNNING state, process has stayed up for > than 1 seconds (startsecs)
2025-01-31 09:58:24,866 INFO success: rq_worker entered RUNNING state, process has stayed up for > than 1 seconds (startsecs)
2025-01-31 10:02:55,300 CRIT Supervisor is running as root.  Privileges were not dropped because no user is specified in the config file.  If you intend to run as root, you can set user=root in the config file to avoid this message.
2025-01-31 10:02:55,303 INFO supervisord started with pid 14
2025-01-31 10:02:56,314 INFO spawned: 'flask' with pid 15
2025-01-31 10:02:56,320 INFO spawned: 'rq_worker' with pid 16
2025-01-31 10:02:58,140 INFO success: flask entered RUNNING state, process has stayed up for > than 1 seconds (startsecs)
2025-01-31 10:02:58,141 INFO success: rq_worker entered RUNNING state, process has stayed up for > than 1 seconds (startsecs)
2025-01-31 10:43:36,160 CRIT Supervisor is running as root.  Privileges were not dropped because no user is specified in the config file.  If you intend to run as root, you can set user=root in the config file to avoid this message.
2025-01-31 10:43:36,163 INFO supervisord started with pid 14
2025-01-31 10:43:37,172 INFO spawned: 'flask' with pid 15
2025-01-31 10:43:37,183 INFO spawned: 'rq_worker' with pid 16
2025-01-31 10:43:38,259 INFO success: flask entered RUNNING state, process has stayed up for > than 1 seconds (startsecs)
2025-01-31 10:43:38,260 INFO success: rq_worker entered RUNNING state, process has stayed up for > than 1 seconds (startsecs)
2025-01-31 11:12:11,423 CRIT Supervisor is running as root.  Privileges were not dropped because no user is specified in the config file.  If you intend to run as root, you can set user=root in the config file to avoid this message.
2025-01-31 11:12:11,426 INFO supervisord started with pid 14
2025-01-31 11:12:12,436 INFO spawned: 'flask' with pid 15
2025-01-31 11:12:12,445 INFO spawned: 'rq_worker' with pid 16
2025-01-31 11:12:13,486 INFO success: flask entered RUNNING state, process has stayed up for > than 1 seconds (startsecs)
2025-01-31 11:12:13,486 INFO success: rq_worker entered RUNNING state, process has stayed up for > than 1 seconds (startsecs)
2025-01-31 11:21:01,153 CRIT Supervisor is running as root.  Privileges were not dropped because no user is specified in the config file.  If you intend to run as root, you can set user=root in the config file to avoid this message.
2025-01-31 11:21:01,157 INFO supervisord started with pid 14
2025-01-31 11:21:02,174 INFO spawned: 'flask' with pid 15
2025-01-31 11:21:02,180 INFO spawned: 'rq_worker' with pid 16
2025-01-31 11:21:03,238 INFO success: flask entered RUNNING state, process has stayed up for > than 1 seconds (startsecs)
2025-01-31 11:21:03,238 INFO success: rq_worker entered RUNNING state, process has stayed up for > than 1 seconds (startsecs)
2025-01-31 11:41:55,513 CRIT Supervisor is running as root.  Privileges were not dropped because no user is specified in the config file.  If you intend to run as root, you can set user=root in the config file to avoid this message.
2025-01-31 11:41:55,516 INFO supervisord started with pid 14
2025-01-31 11:41:56,526 INFO spawned: 'flask' with pid 15
2025-01-31 11:41:56,539 INFO spawned: 'rq_worker' with pid 16
2025-01-31 11:41:57,615 INFO success: flask entered RUNNING state, process has stayed up for > than 1 seconds (startsecs)
2025-01-31 11:41:57,615 INFO success: rq_worker entered RUNNING state, process has stayed up for > than 1 seconds (startsecs)
2025-01-31 12:44:03,112 CRIT Supervisor is running as root.  Privileges were not dropped because no user is specified in the config file.  If you intend to run as root, you can set user=root in the config file to avoid this message.
2025-01-31 12:44:03,115 INFO supervisord started with pid 14
2025-01-31 12:44:04,126 INFO spawned: 'flask' with pid 15
2025-01-31 12:44:04,131 INFO spawned: 'rq_worker' with pid 16
2025-01-31 12:44:05,268 INFO success: flask entered RUNNING state, process has stayed up for > than 1 seconds (startsecs)
2025-01-31 12:44:05,268 INFO success: rq_worker entered RUNNING state, process has stayed up for > than 1 seconds (startsecs)
2025-01-31 12:48:40,697 CRIT Supervisor is running as root.  Privileges were not dropped because no user is specified in the config file.  If you intend to run as root, you can set user=root in the config file to avoid this message.
2025-01-31 12:48:40,700 INFO supervisord started with pid 14
2025-01-31 12:48:41,718 INFO spawned: 'flask' with pid 15
2025-01-31 12:48:41,726 INFO spawned: 'rq_worker' with pid 16
2025-01-31 12:48:42,752 INFO success: flask entered RUNNING state, process has stayed up for > than 1 seconds (startsecs)
2025-01-31 12:48:42,752 INFO success: rq_worker entered RUNNING state, process has stayed up for > than 1 seconds (startsecs)
2025-01-31 13:44:47,153 CRIT Supervisor is running as root.  Privileges were not dropped because no user is specified in the config file.  If you intend to run as root, you can set user=root in the config file to avoid this message.
2025-01-31 13:44:47,156 INFO supervisord started with pid 14
2025-01-31 13:44:48,175 INFO spawned: 'flask' with pid 15
2025-01-31 13:44:48,183 INFO spawned: 'rq_worker' with pid 16
2025-01-31 13:44:49,272 INFO success: flask entered RUNNING state, process has stayed up for > than 1 seconds (startsecs)
2025-01-31 13:44:49,272 INFO success: rq_worker entered RUNNING state, process has stayed up for > than 1 seconds (startsecs)
2025-01-31 14:11:06,188 CRIT Supervisor is running as root.  Privileges were not dropped because no user is specified in the config file.  If you intend to run as root, you can set user=root in the config file to avoid this message.
2025-01-31 14:11:06,191 INFO supervisord started with pid 14
2025-01-31 14:11:07,207 INFO spawned: 'flask' with pid 15
2025-01-31 14:11:07,211 INFO spawned: 'rq_worker' with pid 16
2025-01-31 14:11:08,318 INFO success: flask entered RUNNING state, process has stayed up for > than 1 seconds (startsecs)
2025-01-31 14:11:08,318 INFO success: rq_worker entered RUNNING state, process has stayed up for > than 1 seconds (startsecs)
2025-02-01 00:01:03,551 CRIT Supervisor is running as root.  Privileges were not dropped because no user is specified in the config file.  If you intend to run as root, you can set user=root in the config file to avoid this message.
2025-02-01 00:01:03,554 INFO supervisord started with pid 13
2025-02-01 00:01:04,557 INFO spawned: 'flask' with pid 14
2025-02-01 00:01:04,562 INFO spawned: 'rq_worker' with pid 15
2025-02-01 00:01:06,538 INFO success: flask entered RUNNING state, process has stayed up for > than 1 seconds (startsecs)
2025-02-01 00:01:06,539 INFO success: rq_worker entered RUNNING state, process has stayed up for > than 1 seconds (startsecs)
2025-02-01 07:03:16,874 CRIT Supervisor is running as root.  Privileges were not dropped because no user is specified in the config file.  If you intend to run as root, you can set user=root in the config file to avoid this message.
2025-02-01 07:03:16,877 INFO supervisord started with pid 14
2025-02-01 07:03:17,885 INFO spawned: 'flask' with pid 15
2025-02-01 07:03:17,899 INFO spawned: 'rq_worker' with pid 16
2025-02-01 07:03:18,882 INFO success: flask entered RUNNING state, process has stayed up for > than 1 seconds (startsecs)
2025-02-01 07:03:19,584 INFO success: rq_worker entered RUNNING state, process has stayed up for > than 1 seconds (startsecs)
2025-02-01 07:06:32,031 CRIT Supervisor is running as root.  Privileges were not dropped because no user is specified in the config file.  If you intend to run as root, you can set user=root in the config file to avoid this message.
2025-02-01 07:06:32,036 INFO supervisord started with pid 14
2025-02-01 07:06:33,050 INFO spawned: 'flask' with pid 15
2025-02-01 07:06:33,056 INFO spawned: 'rq_worker' with pid 16
2025-02-01 07:06:34,947 INFO success: flask entered RUNNING state, process has stayed up for > than 1 seconds (startsecs)
2025-02-01 07:06:34,948 INFO success: rq_worker entered RUNNING state, process has stayed up for > than 1 seconds (startsecs)
2025-02-01 12:36:30,969 CRIT Supervisor is running as root.  Privileges were not dropped because no user is specified in the config file.  If you intend to run as root, you can set user=root in the config file to avoid this message.
2025-02-01 12:36:30,977 INFO supervisord started with pid 13
2025-02-01 12:36:31,983 INFO spawned: 'flask' with pid 14
2025-02-01 12:36:31,985 INFO spawned: 'rq_worker' with pid 15
2025-02-01 12:36:33,297 INFO success: flask entered RUNNING state, process has stayed up for > than 1 seconds (startsecs)
2025-02-01 12:36:33,297 INFO success: rq_worker entered RUNNING state, process has stayed up for > than 1 seconds (startsecs)
2025-02-02 02:07:56,260 CRIT Supervisor is running as root.  Privileges were not dropped because no user is specified in the config file.  If you intend to run as root, you can set user=root in the config file to avoid this message.
2025-02-02 02:07:56,263 INFO supervisord started with pid 10
2025-02-02 02:07:57,274 INFO spawned: 'flask' with pid 11
2025-02-02 02:07:57,279 INFO spawned: 'rq_worker' with pid 12
2025-02-02 02:07:58,271 INFO success: flask entered RUNNING state, process has stayed up for > than 1 seconds (startsecs)
2025-02-02 02:07:59,279 INFO success: rq_worker entered RUNNING state, process has stayed up for > than 1 seconds (startsecs)
2025-02-02 02:08:35,665 CRIT Supervisor is running as root.  Privileges were not dropped because no user is specified in the config file.  If you intend to run as root, you can set user=root in the config file to avoid this message.
2025-02-02 02:08:35,668 INFO supervisord started with pid 14
2025-02-02 02:08:36,676 INFO spawned: 'flask' with pid 15
2025-02-02 02:08:36,681 INFO spawned: 'rq_worker' with pid 16
2025-02-02 02:08:37,764 INFO success: flask entered RUNNING state, process has stayed up for > than 1 seconds (startsecs)
2025-02-02 02:08:37,765 INFO success: rq_worker entered RUNNING state, process has stayed up for > than 1 seconds (startsecs)
2025-02-02 02:37:19,882 CRIT Supervisor is running as root.  Privileges were not dropped because no user is specified in the config file.  If you intend to run as root, you can set user=root in the config file to avoid this message.
2025-02-02 02:37:19,885 INFO supervisord started with pid 13
2025-02-02 02:37:20,892 INFO spawned: 'flask' with pid 14
2025-02-02 02:37:20,897 INFO spawned: 'rq_worker' with pid 15
2025-02-02 02:37:22,702 INFO success: flask entered RUNNING state, process has stayed up for > than 1 seconds (startsecs)
2025-02-02 02:37:22,703 INFO success: rq_worker entered RUNNING state, process has stayed up for > than 1 seconds (startsecs)
2025-02-02 04:24:02,110 CRIT Supervisor is running as root.  Privileges were not dropped because no user is specified in the config file.  If you intend to run as root, you can set user=root in the config file to avoid this message.
2025-02-02 04:24:02,112 INFO supervisord started with pid 14
2025-02-02 04:24:03,124 INFO spawned: 'flask' with pid 15
2025-02-02 04:24:03,137 INFO spawned: 'rq_worker' with pid 16
2025-02-02 04:24:04,224 INFO success: flask entered RUNNING state, process has stayed up for > than 1 seconds (startsecs)
2025-02-02 04:24:04,224 INFO success: rq_worker entered RUNNING state, process has stayed up for > than 1 seconds (startsecs)
2025-02-02 04:31:11,524 CRIT Supervisor is running as root.  Privileges were not dropped because no user is specified in the config file.  If you intend to run as root, you can set user=root in the config file to avoid this message.
2025-02-02 04:31:11,528 INFO supervisord started with pid 14
2025-02-02 04:31:12,538 INFO spawned: 'flask' with pid 15
2025-02-02 04:31:12,554 INFO spawned: 'rq_worker' with pid 16
2025-02-02 04:31:14,486 INFO success: flask entered RUNNING state, process has stayed up for > than 1 seconds (startsecs)
2025-02-02 04:31:14,487 INFO success: rq_worker entered RUNNING state, process has stayed up for > than 1 seconds (startsecs)
2025-02-02 09:09:20,114 CRIT Supervisor is running as root.  Privileges were not dropped because no user is specified in the config file.  If you intend to run as root, you can set user=root in the config file to avoid this message.
2025-02-02 09:09:20,117 INFO supervisord started with pid 14
2025-02-02 09:09:21,124 INFO spawned: 'flask' with pid 15
2025-02-02 09:09:21,135 INFO spawned: 'rq_worker' with pid 16
2025-02-02 09:09:22,316 INFO success: flask entered RUNNING state, process has stayed up for > than 1 seconds (startsecs)
2025-02-02 09:09:22,316 INFO success: rq_worker entered RUNNING state, process has stayed up for > than 1 seconds (startsecs)
2025-02-02 09:59:43,609 CRIT Supervisor is running as root.  Privileges were not dropped because no user is specified in the config file.  If you intend to run as root, you can set user=root in the config file to avoid this message.
2025-02-02 09:59:43,612 INFO supervisord started with pid 14
2025-02-02 09:59:44,620 INFO spawned: 'flask' with pid 15
2025-02-02 09:59:44,624 INFO spawned: 'rq_worker' with pid 16
2025-02-02 09:59:45,785 INFO success: flask entered RUNNING state, process has stayed up for > than 1 seconds (startsecs)
2025-02-02 09:59:45,785 INFO success: rq_worker entered RUNNING state, process has stayed up for > than 1 seconds (startsecs)
2025-02-02 10:07:57,843 CRIT Supervisor is running as root.  Privileges were not dropped because no user is specified in the config file.  If you intend to run as root, you can set user=root in the config file to avoid this message.
2025-02-02 10:07:57,846 INFO supervisord started with pid 14
2025-02-02 10:07:58,859 INFO spawned: 'flask' with pid 15
2025-02-02 10:07:58,867 INFO spawned: 'rq_worker' with pid 16
2025-02-02 10:07:59,908 INFO success: flask entered RUNNING state, process has stayed up for > than 1 seconds (startsecs)
2025-02-02 10:07:59,908 INFO success: rq_worker entered RUNNING state, process has stayed up for > than 1 seconds (startsecs)
2025-02-02 10:11:50,105 CRIT Supervisor is running as root.  Privileges were not dropped because no user is specified in the config file.  If you intend to run as root, you can set user=root in the config file to avoid this message.
2025-02-02 10:11:50,108 INFO supervisord started with pid 14
2025-02-02 10:11:51,120 INFO spawned: 'flask' with pid 15
2025-02-02 10:11:51,127 INFO spawned: 'rq_worker' with pid 16
2025-02-02 10:11:52,128 INFO success: flask entered RUNNING state, process has stayed up for > than 1 seconds (startsecs)
2025-02-02 10:11:52,129 INFO success: rq_worker entered RUNNING state, process has stayed up for > than 1 seconds (startsecs)
2025-02-02 11:27:15,387 CRIT Supervisor is running as root.  Privileges were not dropped because no user is specified in the config file.  If you intend to run as root, you can set user=root in the config file to avoid this message.
2025-02-02 11:27:15,394 INFO supervisord started with pid 13
2025-02-02 11:27:16,400 INFO spawned: 'flask' with pid 14
2025-02-02 11:27:16,405 INFO spawned: 'rq_worker' with pid 15
2025-02-02 11:27:17,738 INFO success: flask entered RUNNING state, process has stayed up for > than 1 seconds (startsecs)
2025-02-02 11:27:17,738 INFO success: rq_worker entered RUNNING state, process has stayed up for > than 1 seconds (startsecs)
2025-02-02 12:02:06,931 CRIT Supervisor is running as root.  Privileges were not dropped because no user is specified in the config file.  If you intend to run as root, you can set user=root in the config file to avoid this message.
2025-02-02 12:02:06,934 INFO supervisord started with pid 14
2025-02-02 12:02:07,947 INFO spawned: 'flask' with pid 15
2025-02-02 12:02:07,952 INFO spawned: 'rq_worker' with pid 16
2025-02-02 12:02:09,792 INFO success: flask entered RUNNING state, process has stayed up for > than 1 seconds (startsecs)
2025-02-02 12:02:09,793 INFO success: rq_worker entered RUNNING state, process has stayed up for > than 1 seconds (startsecs)
2025-02-02 12:46:27,065 CRIT Supervisor is running as root.  Privileges were not dropped because no user is specified in the config file.  If you intend to run as root, you can set user=root in the config file to avoid this message.
2025-02-02 12:46:27,068 INFO supervisord started with pid 14
2025-02-02 12:46:28,079 INFO spawned: 'flask' with pid 15
2025-02-02 12:46:28,083 INFO spawned: 'rq_worker' with pid 16
2025-02-02 12:46:29,133 INFO success: flask entered RUNNING state, process has stayed up for > than 1 seconds (startsecs)
2025-02-02 12:46:29,133 INFO success: rq_worker entered RUNNING state, process has stayed up for > than 1 seconds (startsecs)
2025-02-02 12:54:42,850 CRIT Supervisor is running as root.  Privileges were not dropped because no user is specified in the config file.  If you intend to run as root, you can set user=root in the config file to avoid this message.
2025-02-02 12:54:42,853 INFO supervisord started with pid 13
2025-02-02 12:54:43,863 INFO spawned: 'flask' with pid 14
2025-02-02 12:54:43,871 INFO spawned: 'rq_worker' with pid 15
2025-02-02 12:54:45,762 INFO success: flask entered RUNNING state, process has stayed up for > than 1 seconds (startsecs)
2025-02-02 12:54:45,766 INFO success: rq_worker entered RUNNING state, process has stayed up for > than 1 seconds (startsecs)
2025-02-02 12:57:35,863 CRIT Supervisor is running as root.  Privileges were not dropped because no user is specified in the config file.  If you intend to run as root, you can set user=root in the config file to avoid this message.
2025-02-02 12:57:35,866 INFO supervisord started with pid 14
2025-02-02 12:57:36,878 INFO spawned: 'flask' with pid 15
2025-02-02 12:57:36,884 INFO spawned: 'rq_worker' with pid 16
2025-02-02 12:57:38,780 INFO success: flask entered RUNNING state, process has stayed up for > than 1 seconds (startsecs)
2025-02-02 12:57:38,782 INFO success: rq_worker entered RUNNING state, process has stayed up for > than 1 seconds (startsecs)
2025-02-02 13:30:00,742 CRIT Supervisor is running as root.  Privileges were not dropped because no user is specified in the config file.  If you intend to run as root, you can set user=root in the config file to avoid this message.
2025-02-02 13:30:00,746 INFO supervisord started with pid 14
2025-02-02 13:30:01,755 INFO spawned: 'flask' with pid 15
2025-02-02 13:30:01,760 INFO spawned: 'rq_worker' with pid 16
2025-02-02 13:30:02,908 INFO success: flask entered RUNNING state, process has stayed up for > than 1 seconds (startsecs)
2025-02-02 13:30:02,909 INFO success: rq_worker entered RUNNING state, process has stayed up for > than 1 seconds (startsecs)
2025-02-02 23:53:03,074 CRIT Supervisor is running as root.  Privileges were not dropped because no user is specified in the config file.  If you intend to run as root, you can set user=root in the config file to avoid this message.
2025-02-02 23:53:03,084 INFO supervisord started with pid 14
2025-02-02 23:53:04,099 INFO spawned: 'flask' with pid 15
2025-02-02 23:53:04,104 INFO spawned: 'rq_worker' with pid 16
2025-02-02 23:53:05,602 INFO success: flask entered RUNNING state, process has stayed up for > than 1 seconds (startsecs)
2025-02-02 23:53:05,602 INFO success: rq_worker entered RUNNING state, process has stayed up for > than 1 seconds (startsecs)
2025-02-02 23:55:08,459 CRIT Supervisor is running as root.  Privileges were not dropped because no user is specified in the config file.  If you intend to run as root, you can set user=root in the config file to avoid this message.
2025-02-02 23:55:08,462 INFO supervisord started with pid 14
2025-02-02 23:55:09,473 INFO spawned: 'flask' with pid 15
2025-02-02 23:55:09,481 INFO spawned: 'rq_worker' with pid 16
2025-02-02 23:55:10,894 INFO success: flask entered RUNNING state, process has stayed up for > than 1 seconds (startsecs)
2025-02-02 23:55:10,895 INFO success: rq_worker entered RUNNING state, process has stayed up for > than 1 seconds (startsecs)
2025-02-03 01:14:14,577 CRIT Supervisor is running as root.  Privileges were not dropped because no user is specified in the config file.  If you intend to run as root, you can set user=root in the config file to avoid this message.
2025-02-03 01:14:14,580 INFO supervisord started with pid 14
2025-02-03 01:14:15,584 INFO spawned: 'flask' with pid 15
2025-02-03 01:14:15,588 INFO spawned: 'rq_worker' with pid 16
2025-02-03 01:14:16,648 INFO success: flask entered RUNNING state, process has stayed up for > than 1 seconds (startsecs)
2025-02-03 01:14:16,651 INFO success: rq_worker entered RUNNING state, process has stayed up for > than 1 seconds (startsecs)
